d:\zoe chervaux\programmation\c++\simpleenginel2\simpleenginewithopengl-035\x64\debug\vc143.pdb
d:\zoe chervaux\programmation\c++\simpleenginel2\simpleenginewithopengl-035\x64\debug\vc143.idb
d:\zoe chervaux\programmation\c++\simpleenginel2\simpleenginewithopengl-035\x64\debug\cubeactor.obj
d:\zoe chervaux\programmation\c++\simpleenginel2\simpleenginewithopengl-035\x64\debug\controllerstate.obj
d:\zoe chervaux\programmation\c++\simpleenginel2\simpleenginewithopengl-035\x64\debug\component.obj
d:\zoe chervaux\programmation\c++\simpleenginel2\simpleenginewithopengl-035\x64\debug\circlecollisioncomponent.obj
d:\zoe chervaux\programmation\c++\simpleenginel2\simpleenginewithopengl-035\x64\debug\fpscameracomponent.obj
d:\zoe chervaux\programmation\c++\simpleenginel2\simpleenginewithopengl-035\x64\debug\followcameracomponent.obj
d:\zoe chervaux\programmation\c++\simpleenginel2\simpleenginewithopengl-035\x64\debug\followactor.obj
d:\zoe chervaux\programmation\c++\simpleenginel2\simpleenginewithopengl-035\x64\debug\collisions.obj
d:\zoe chervaux\programmation\c++\simpleenginel2\simpleenginewithopengl-035\x64\debug\backgroundspritecomponent.obj
d:\zoe chervaux\programmation\c++\simpleenginel2\simpleenginewithopengl-035\x64\debug\animspritecomponent.obj
d:\zoe chervaux\programmation\c++\simpleenginel2\simpleenginewithopengl-035\x64\debug\aabb.obj
d:\zoe chervaux\programmation\c++\simpleenginel2\simpleenginewithopengl-035\x64\debug\rendererogl.obj
d:\zoe chervaux\programmation\c++\simpleenginel2\simpleenginewithopengl-035\x64\debug\rectangle.obj
d:\zoe chervaux\programmation\c++\simpleenginel2\simpleenginewithopengl-035\x64\debug\random.obj
d:\zoe chervaux\programmation\c++\simpleenginel2\simpleenginewithopengl-035\x64\debug\quaternion.obj
d:\zoe chervaux\programmation\c++\simpleenginel2\simpleenginewithopengl-035\x64\debug\plane.obj
d:\zoe chervaux\programmation\c++\simpleenginel2\simpleenginewithopengl-035\x64\debug\physicssystem.obj
d:\zoe chervaux\programmation\c++\simpleenginel2\simpleenginewithopengl-035\x64\debug\orbitcameracomponent.obj
d:\zoe chervaux\programmation\c++\simpleenginel2\simpleenginewithopengl-035\x64\debug\orbitactor.obj
d:\zoe chervaux\programmation\c++\simpleenginel2\simpleenginewithopengl-035\x64\debug\movecomponent.obj
d:\zoe chervaux\programmation\c++\simpleenginel2\simpleenginewithopengl-035\x64\debug\mousestate.obj
d:\zoe chervaux\programmation\c++\simpleenginel2\simpleenginewithopengl-035\x64\debug\mesh.obj
d:\zoe chervaux\programmation\c++\simpleenginel2\simpleenginewithopengl-035\x64\debug\matrix4.obj
d:\zoe chervaux\programmation\c++\simpleenginel2\simpleenginewithopengl-035\x64\debug\log.obj
d:\zoe chervaux\programmation\c++\simpleenginel2\simpleenginewithopengl-035\x64\debug\linesegment.obj
d:\zoe chervaux\programmation\c++\simpleenginel2\simpleenginewithopengl-035\x64\debug\keyboardstate.obj
d:\zoe chervaux\programmation\c++\simpleenginel2\simpleenginewithopengl-035\x64\debug\inputsystem.obj
d:\zoe chervaux\programmation\c++\simpleenginel2\simpleenginewithopengl-035\x64\debug\inputcomponent.obj
d:\zoe chervaux\programmation\c++\simpleenginel2\simpleenginewithopengl-035\x64\debug\window.obj
d:\zoe chervaux\programmation\c++\simpleenginel2\simpleenginewithopengl-035\x64\debug\vertexarray.obj
d:\zoe chervaux\programmation\c++\simpleenginel2\simpleenginewithopengl-035\x64\debug\vector3.obj
d:\zoe chervaux\programmation\c++\simpleenginel2\simpleenginewithopengl-035\x64\debug\vector2.obj
d:\zoe chervaux\programmation\c++\simpleenginel2\simpleenginewithopengl-035\x64\debug\timer.obj
d:\zoe chervaux\programmation\c++\simpleenginel2\simpleenginewithopengl-035\x64\debug\texture.obj
d:\zoe chervaux\programmation\c++\simpleenginel2\simpleenginewithopengl-035\x64\debug\targetactor.obj
d:\zoe chervaux\programmation\c++\simpleenginel2\simpleenginewithopengl-035\x64\debug\splinecameracomponent.obj
d:\zoe chervaux\programmation\c++\simpleenginel2\simpleenginewithopengl-035\x64\debug\splineactor.obj
d:\zoe chervaux\programmation\c++\simpleenginel2\simpleenginewithopengl-035\x64\debug\spline.obj
d:\zoe chervaux\programmation\c++\simpleenginel2\simpleenginewithopengl-035\x64\debug\sphereactor.obj
d:\zoe chervaux\programmation\c++\simpleenginel2\simpleenginewithopengl-035\x64\debug\sphere.obj
d:\zoe chervaux\programmation\c++\simpleenginel2\simpleenginewithopengl-035\x64\debug\shader.obj
d:\zoe chervaux\programmation\c++\simpleenginel2\simpleenginewithopengl-035\x64\debug\assets.obj
d:\zoe chervaux\programmation\c++\simpleenginel2\simpleenginewithopengl-035\x64\debug\audiocomponent.obj
d:\zoe chervaux\programmation\c++\simpleenginel2\simpleenginewithopengl-035\x64\debug\spritecomponent.obj
d:\zoe chervaux\programmation\c++\simpleenginel2\simpleenginewithopengl-035\x64\debug\planeactor.obj
d:\zoe chervaux\programmation\c++\simpleenginel2\simpleenginewithopengl-035\x64\debug\meshcomponent.obj
d:\zoe chervaux\programmation\c++\simpleenginel2\simpleenginewithopengl-035\x64\debug\main.obj
d:\zoe chervaux\programmation\c++\simpleenginel2\simpleenginewithopengl-035\x64\debug\boxcomponent.obj
d:\zoe chervaux\programmation\c++\simpleenginel2\simpleenginewithopengl-035\x64\debug\ballmovecomponent.obj
d:\zoe chervaux\programmation\c++\simpleenginel2\simpleenginewithopengl-035\x64\debug\ballactor.obj
d:\zoe chervaux\programmation\c++\simpleenginel2\simpleenginewithopengl-035\x64\debug\actor.obj
d:\zoe chervaux\programmation\c++\simpleenginel2\simpleenginewithopengl-035\x64\debug\cameracomponent.obj
d:\zoe chervaux\programmation\c++\simpleenginel2\simpleenginewithopengl-035\x64\debug\game.obj
d:\zoe chervaux\programmation\c++\simpleenginel2\simpleenginewithopengl-035\x64\debug\fpsactor.obj
d:\zoe chervaux\programmation\c++\simpleenginel2\simpleenginewithopengl-035\x64\debug\animation.obj
d:\zoe chervaux\programmation\c++\simpleenginel2\simpleenginewithopengl-035\x64\debug\bonetransform.obj
d:\zoe chervaux\programmation\c++\simpleenginel2\simpleenginewithopengl-035\x64\debug\skeleton.obj
d:\zoe chervaux\programmation\c++\simpleenginel2\simpleenginewithopengl-035\x64\debug\uiscreen.obj
d:\zoe chervaux\programmation\c++\simpleenginel2\simpleenginewithopengl-035\x64\debug\simpleen.10aed17a.tlog\cl.command.1.tlog
d:\zoe chervaux\programmation\c++\simpleenginel2\simpleenginewithopengl-035\x64\debug\simpleen.10aed17a.tlog\cl.read.1.tlog
d:\zoe chervaux\programmation\c++\simpleenginel2\simpleenginewithopengl-035\x64\debug\simpleen.10aed17a.tlog\cl.write.1.tlog
d:\zoe chervaux\programmation\c++\simpleenginel2\simpleenginewithopengl-035\x64\debug\simpleen.10aed17a.tlog\link.command.1.tlog
d:\zoe chervaux\programmation\c++\simpleenginel2\simpleenginewithopengl-035\x64\debug\simpleen.10aed17a.tlog\link.read.1.tlog
d:\zoe chervaux\programmation\c++\simpleenginel2\simpleenginewithopengl-035\x64\debug\simpleen.10aed17a.tlog\link.write.1.tlog
