d:\prog\c++\simpleengine\simpleenginelesson2\simpleenginewithopengl-011\x64\debug\actor.obj
d:\prog\c++\simpleengine\simpleenginelesson2\simpleenginewithopengl-011\x64\debug\animspritecomponent.obj
d:\prog\c++\simpleengine\simpleenginelesson2\simpleenginewithopengl-011\x64\debug\assets.obj
d:\prog\c++\simpleengine\simpleenginelesson2\simpleenginewithopengl-011\x64\debug\backgroundspritecomponent.obj
d:\prog\c++\simpleengine\simpleenginelesson2\simpleenginewithopengl-011\x64\debug\camera.obj
d:\prog\c++\simpleengine\simpleenginelesson2\simpleenginewithopengl-011\x64\debug\cameracomponent.obj
d:\prog\c++\simpleengine\simpleenginelesson2\simpleenginewithopengl-011\x64\debug\circlecollisioncomponent.obj
d:\prog\c++\simpleengine\simpleenginelesson2\simpleenginewithopengl-011\x64\debug\component.obj
d:\prog\c++\simpleengine\simpleenginelesson2\simpleenginewithopengl-011\x64\debug\controllerstate.obj
d:\prog\c++\simpleengine\simpleenginelesson2\simpleenginewithopengl-011\x64\debug\followactor.obj
d:\prog\c++\simpleengine\simpleenginelesson2\simpleenginewithopengl-011\x64\debug\followcameracomponent.obj
d:\prog\c++\simpleengine\simpleenginelesson2\simpleenginewithopengl-011\x64\debug\fpsactor.obj
d:\prog\c++\simpleengine\simpleenginelesson2\simpleenginewithopengl-011\x64\debug\fpscameracomponent.obj
d:\prog\c++\simpleengine\simpleenginelesson2\simpleenginewithopengl-011\x64\debug\game.obj
d:\prog\c++\simpleengine\simpleenginelesson2\simpleenginewithopengl-011\x64\debug\inputcomponent.obj
d:\prog\c++\simpleengine\simpleenginelesson2\simpleenginewithopengl-011\x64\debug\inputsystem.obj
d:\prog\c++\simpleengine\simpleenginelesson2\simpleenginewithopengl-011\x64\debug\irenderer.obj
d:\prog\c++\simpleengine\simpleenginelesson2\simpleenginewithopengl-011\x64\debug\keyboardstate.obj
d:\prog\c++\simpleengine\simpleenginelesson2\simpleenginewithopengl-011\x64\debug\log.obj
d:\prog\c++\simpleengine\simpleenginelesson2\simpleenginewithopengl-011\x64\debug\main.obj
d:\prog\c++\simpleengine\simpleenginelesson2\simpleenginewithopengl-011\x64\debug\matrix4.obj
d:\prog\c++\simpleengine\simpleenginelesson2\simpleenginewithopengl-011\x64\debug\mesh.obj
d:\prog\c++\simpleengine\simpleenginelesson2\simpleenginewithopengl-011\x64\debug\meshcomponent.obj
d:\prog\c++\simpleengine\simpleenginelesson2\simpleenginewithopengl-011\x64\debug\mousestate.obj
d:\prog\c++\simpleengine\simpleenginelesson2\simpleenginewithopengl-011\x64\debug\movecomponent.obj
d:\prog\c++\simpleengine\simpleenginelesson2\simpleenginewithopengl-011\x64\debug\orbitactor.obj
d:\prog\c++\simpleengine\simpleenginelesson2\simpleenginewithopengl-011\x64\debug\orbitcameracomponent.obj
d:\prog\c++\simpleengine\simpleenginelesson2\simpleenginewithopengl-011\x64\debug\plane.obj
d:\prog\c++\simpleengine\simpleenginelesson2\simpleenginewithopengl-011\x64\debug\quaternion.obj
d:\prog\c++\simpleengine\simpleenginelesson2\simpleenginewithopengl-011\x64\debug\random.obj
d:\prog\c++\simpleengine\simpleenginelesson2\simpleenginewithopengl-011\x64\debug\rectangle.obj
d:\prog\c++\simpleengine\simpleenginelesson2\simpleenginewithopengl-011\x64\debug\rendererogl.obj
d:\prog\c++\simpleengine\simpleenginelesson2\simpleenginewithopengl-011\x64\debug\shader.obj
d:\prog\c++\simpleengine\simpleenginelesson2\simpleenginewithopengl-011\x64\debug\sphere.obj
d:\prog\c++\simpleengine\simpleenginelesson2\simpleenginewithopengl-011\x64\debug\spline.obj
d:\prog\c++\simpleengine\simpleenginelesson2\simpleenginewithopengl-011\x64\debug\splineactor.obj
d:\prog\c++\simpleengine\simpleenginelesson2\simpleenginewithopengl-011\x64\debug\splinecameracomponent.obj
d:\prog\c++\simpleengine\simpleenginelesson2\simpleenginewithopengl-011\x64\debug\spritecomponent.obj
d:\prog\c++\simpleengine\simpleenginelesson2\simpleenginewithopengl-011\x64\debug\texture.obj
d:\prog\c++\simpleengine\simpleenginelesson2\simpleenginewithopengl-011\x64\debug\timer.obj
d:\prog\c++\simpleengine\simpleenginelesson2\simpleenginewithopengl-011\x64\debug\vector2.obj
d:\prog\c++\simpleengine\simpleenginelesson2\simpleenginewithopengl-011\x64\debug\vector3.obj
d:\prog\c++\simpleengine\simpleenginelesson2\simpleenginewithopengl-011\x64\debug\vertexarray.obj
d:\prog\c++\simpleengine\simpleenginelesson2\simpleenginewithopengl-011\x64\debug\window.obj
d:\prog\c++\simpleengine\simpleenginelesson2\simpleenginewithopengl-011\x64\debug\vc143.idb
d:\prog\c++\simpleengine\simpleenginelesson2\simpleenginewithopengl-011\x64\debug\vc143.pdb
d:\prog\c++\simpleengine\simpleenginelesson2\simpleenginewithopengl-011\x64\debug\simpleen.eec6d454.tlog\cl.command.1.tlog
