  Assets.cpp
D:\Artfx\Programmation\C++\SimpleEngineL2\SimpleEngineWithOpenGL-011\Assets.cpp(262,33): warning C4244: 'argument' : conversion de 'double' en 'const unsigned __int64', perte possible de données
D:\Artfx\Programmation\C++\SimpleEngineL2\SimpleEngineWithOpenGL-011\Assets.cpp(279,168): warning C4267: 'argument' : conversion de 'size_t' en 'unsigned int', perte possible de données
  Cube.cpp
  FPSActor.cpp
  Game.cpp
  Mesh.cpp
  MeshComponent.cpp
D:\Artfx\Programmation\C++\SimpleEngineL2\SimpleEngineWithOpenGL-011\MeshComponent.cpp(23,45): warning C4267: 'argument' : conversion de 'size_t' en 'int', perte possible de données
  Plane.cpp
  RendererOGL.cpp
  Sphere.cpp
  Génération de code en cours...
  SimpleEngineWithOpenGL-011.vcxproj -> D:\Artfx\Programmation\C++\SimpleEngineL2\x64\Debug\SimpleEngineWithOpenGL-011.exe
  D:\Artfx\Programmation\C++\SimpleEngineL2\SimpleEngineWithOpenGL-011\Res\Audio\Master Bank.bank
  D:\Artfx\Programmation\C++\SimpleEngineL2\SimpleEngineWithOpenGL-011\Res\Audio\Master Bank.strings.bank
  D:\Artfx\Programmation\C++\SimpleEngineL2\SimpleEngineWithOpenGL-011\Res\Meshes\Cube.gpmesh
  D:\Artfx\Programmation\C++\SimpleEngineL2\SimpleEngineWithOpenGL-011\Res\Meshes\Plane.gpmesh
  D:\Artfx\Programmation\C++\SimpleEngineL2\SimpleEngineWithOpenGL-011\Res\Meshes\RacingCar.gpmesh
  D:\Artfx\Programmation\C++\SimpleEngineL2\SimpleEngineWithOpenGL-011\Res\Meshes\Rifle.gpmesh
  D:\Artfx\Programmation\C++\SimpleEngineL2\SimpleEngineWithOpenGL-011\Res\Meshes\Sphere.gpmesh
  D:\Artfx\Programmation\C++\SimpleEngineL2\SimpleEngineWithOpenGL-011\Res\Shaders\BasicMesh.frag
  D:\Artfx\Programmation\C++\SimpleEngineL2\SimpleEngineWithOpenGL-011\Res\Shaders\BasicMesh.vert
  D:\Artfx\Programmation\C++\SimpleEngineL2\SimpleEngineWithOpenGL-011\Res\Shaders\Phong.frag
  D:\Artfx\Programmation\C++\SimpleEngineL2\SimpleEngineWithOpenGL-011\Res\Shaders\Phong.vert
  D:\Artfx\Programmation\C++\SimpleEngineL2\SimpleEngineWithOpenGL-011\Res\Shaders\Sprite.frag
  D:\Artfx\Programmation\C++\SimpleEngineL2\SimpleEngineWithOpenGL-011\Res\Shaders\Sprite.vert
  D:\Artfx\Programmation\C++\SimpleEngineL2\SimpleEngineWithOpenGL-011\Res\Textures\Crosshair.png
  D:\Artfx\Programmation\C++\SimpleEngineL2\SimpleEngineWithOpenGL-011\Res\Textures\Cube.png
  D:\Artfx\Programmation\C++\SimpleEngineL2\SimpleEngineWithOpenGL-011\Res\Textures\Default.png
  D:\Artfx\Programmation\C++\SimpleEngineL2\SimpleEngineWithOpenGL-011\Res\Textures\HealthBar.png
  D:\Artfx\Programmation\C++\SimpleEngineL2\SimpleEngineWithOpenGL-011\Res\Textures\Plane.png
  D:\Artfx\Programmation\C++\SimpleEngineL2\SimpleEngineWithOpenGL-011\Res\Textures\RacingCar.png
  D:\Artfx\Programmation\C++\SimpleEngineL2\SimpleEngineWithOpenGL-011\Res\Textures\Radar.png
  D:\Artfx\Programmation\C++\SimpleEngineL2\SimpleEngineWithOpenGL-011\Res\Textures\Rifle.png
  D:\Artfx\Programmation\C++\SimpleEngineL2\SimpleEngineWithOpenGL-011\Res\Textures\Sphere.png
  22 fichier(s) copié(s)
